#
# There is insufficient memory for the Java Runtime Environment to continue.
# Native memory allocation (malloc) failed to allocate 976816 bytes for Chunk::new
# Possible reasons:
#   The system is out of physical RAM or swap space
#   In 32 bit mode, the process size limit was hit
# Possible solutions:
#   Reduce memory load on the system
#   Increase physical memory or swap space
#   Check if swap backing store is full
#   Use 64 bit Java on a 64 bit OS
#   Decrease Java heap size (-Xmx/-Xms)
#   Decrease number of Java threads
#   Decrease Java thread stack sizes (-Xss)
#   Set larger code cache with -XX:ReservedCodeCacheSize=
# This output file may be truncated or incomplete.
#
#  Out of Memory Error (allocation.cpp:390), pid=5776, tid=0x0000000000000788
#
# JRE version: Java(TM) SE Runtime Environment (8.0_181-b13) (build 1.8.0_181-b13)
# Java VM: Java HotSpot(TM) 64-Bit Server VM (25.181-b13 mixed mode windows-amd64 compressed oops)
# Failed to write core dump. Minidumps are not enabled by default on client versions of Windows
#

---------------  T H R E A D  ---------------

Current thread (0x0000000017133000):  JavaThread "C2 CompilerThread0" daemon [_thread_in_native, id=1928, stack(0x0000000018790000,0x0000000018890000)]

Stack: [0x0000000018790000,0x0000000018890000]
[error occurred during error reporting (printing stack bounds), id 0xc0000005]

Native frames: (J=compiled Java code, j=interpreted, Vv=VM code, C=native code)


Current CompileTask:
C2:   7809 2711       4       org.springframework.beans.factory.support.AbstractBeanFactory::isTypeMatch (607 bytes)


---------------  P R O C E S S  ---------------

Java Threads: ( => current thread )
  0x0000000019eff000 JavaThread "JMX server connection timeout 17" daemon [_thread_blocked, id=19164, stack(0x000000001b9e0000,0x000000001bae0000)]
  0x000000001941e800 JavaThread "RMI Scheduler(0)" daemon [_thread_blocked, id=480, stack(0x000000001b8e0000,0x000000001b9e0000)]
  0x000000001a583800 JavaThread "RMI TCP Connection(1)-192.168.29.29" daemon [_thread_in_native, id=9296, stack(0x000000001b7e0000,0x000000001b8e0000)]
  0x00000000197ea000 JavaThread "RMI TCP Accept-0" daemon [_thread_in_native, id=21220, stack(0x000000001b2e0000,0x000000001b3e0000)]
  0x0000000018c01800 JavaThread "surefire-forkedjvm-ping-30s" daemon [_thread_in_native, id=16836, stack(0x0000000019190000,0x0000000019290000)]
  0x0000000018b7f000 JavaThread "surefire-forkedjvm-command-thread" daemon [_thread_in_native, id=9456, stack(0x0000000019090000,0x0000000019190000)]
  0x0000000018ac1000 JavaThread "Service Thread" daemon [_thread_blocked, id=23748, stack(0x0000000018e90000,0x0000000018f90000)]
  0x000000001718b800 JavaThread "C1 CompilerThread2" daemon [_thread_blocked, id=19020, stack(0x0000000018990000,0x0000000018a90000)]
  0x000000001713a000 JavaThread "C2 CompilerThread1" daemon [_thread_in_native, id=11928, stack(0x0000000018890000,0x0000000018990000)]
=>0x0000000017133000 JavaThread "C2 CompilerThread0" daemon [_thread_in_native, id=1928, stack(0x0000000018790000,0x0000000018890000)]
  0x0000000017132000 JavaThread "Attach Listener" daemon [_thread_blocked, id=10276, stack(0x0000000018690000,0x0000000018790000)]
  0x0000000017130000 JavaThread "Signal Dispatcher" daemon [_thread_blocked, id=11896, stack(0x0000000018590000,0x0000000018690000)]
  0x0000000017119800 JavaThread "Finalizer" daemon [_thread_blocked, id=5164, stack(0x0000000018390000,0x0000000018490000)]
  0x0000000002651000 JavaThread "Reference Handler" daemon [_thread_blocked, id=5192, stack(0x0000000018290000,0x0000000018390000)]
  0x000000000255e800 JavaThread "main" [_thread_in_vm, id=19832, stack(0x00000000023d0000,0x00000000024d0000)]

Other Threads:
  0x00000000170f7000 VMThread [stack: 0x0000000018190000,0x0000000018290000] [id=14356]
  0x000000001718e800 WatcherThread [stack: 0x0000000018f90000,0x0000000019090000] [id=15236]

VM state:not at safepoint (normal execution)

VM Mutex/Monitor currently owned by a thread: None

Heap:
 PSYoungGen      total 109568K, used 39897K [0x00000000d6100000, 0x00000000dd800000, 0x0000000100000000)
  eden space 101376K, 34% used [0x00000000d6100000,0x00000000d83450c8,0x00000000dc400000)
  from space 8192K, 58% used [0x00000000dcc00000,0x00000000dd0b14c8,0x00000000dd400000)
  to   space 8192K, 0% used [0x00000000dc400000,0x00000000dc400000,0x00000000dcc00000)
 ParOldGen       total 56320K, used 8312K [0x0000000082200000, 0x0000000085900000, 0x00000000d6100000)
  object space 56320K, 14% used [0x0000000082200000,0x0000000082a1e228,0x0000000085900000)
 Metaspace       used 29409K, capacity 31356K, committed 31488K, reserved 1077248K
  class space    used 3862K, capacity 4266K, committed 4352K, reserved 1048576K

Card table byte_map: [0x0000000011a20000,0x0000000011e10000] byte_map_base: 0x000000001160f000

Marking Bits: (ParMarkBitMap*) 0x00000000772a2d00
 Begin Bits: [0x00000000124b0000, 0x0000000014428000)
 End Bits:   [0x0000000014428000, 0x00000000163a0000)

Polling page: 0x00000000022a0000

CodeCache: size=245760Kb used=9424Kb max_used=9439Kb free=236335Kb
 bounds [0x0000000002660000, 0x0000000002fa0000, 0x0000000011660000]
 total_blobs=3122 nmethods=2722 adapters=312
 compilation: enabled

Compilation events (10 events):
Event: 7.663 Thread 0x000000001718b800 nmethod 2726 0x0000000002f89250 code [0x0000000002f89980, 0x0000000002f8fc98]
Event: 7.663 Thread 0x000000001718b800 2727       3       org.springframework.beans.BeanMetadataAttributeAccessor::getAttribute (22 bytes)
Event: 7.663 Thread 0x000000001718b800 nmethod 2727 0x0000000002f82010 code [0x0000000002f821c0, 0x0000000002f82718]
Event: 7.663 Thread 0x000000001718b800 2728       3       org.springframework.core.AttributeAccessorSupport::getAttribute (17 bytes)
Event: 7.664 Thread 0x000000001718b800 nmethod 2728 0x0000000002f81990 code [0x0000000002f81b20, 0x0000000002f81e98]
Event: 7.664 Thread 0x000000001718b800 2729       1       org.springframework.beans.BeanMetadataAttribute::getValue (5 bytes)
Event: 7.664 Thread 0x000000001718b800 nmethod 2729 0x0000000002f7f050 code [0x0000000002f7f1a0, 0x0000000002f7f2b0]
Event: 7.691 Thread 0x000000001713a000 nmethod 2715 0x0000000002f96190 code [0x0000000002f963c0, 0x0000000002f97a20]
Event: 7.706 Thread 0x000000001718b800 2730       3       org.springframework.beans.BeanMetadataAttributeAccessor::setAttribute (15 bytes)
Event: 7.707 Thread 0x000000001718b800 nmethod 2730 0x0000000002f80d10 code [0x0000000002f80ee0, 0x0000000002f81588]

GC Heap History (10 events):
Event: 3.740 GC heap before
{Heap before GC invocations=3 (full 0):
 PSYoungGen      total 37888K, used 37863K [0x00000000d6100000, 0x00000000d8b00000, 0x0000000100000000)
  eden space 32768K, 100% used [0x00000000d6100000,0x00000000d8100000,0x00000000d8100000)
  from space 5120K, 99% used [0x00000000d8600000,0x00000000d8af9d00,0x00000000d8b00000)
  to   space 5120K, 0% used [0x00000000d8100000,0x00000000d8100000,0x00000000d8600000)
 ParOldGen       total 86016K, used 725K [0x0000000082200000, 0x0000000087600000, 0x00000000d6100000)
  object space 86016K, 0% used [0x0000000082200000,0x00000000822b5410,0x0000000087600000)
 Metaspace       used 18103K, capacity 19280K, committed 19584K, reserved 1067008K
  class space    used 2327K, capacity 2566K, committed 2688K, reserved 1048576K
Event: 3.754 GC heap after
Heap after GC invocations=3 (full 0):
 PSYoungGen      total 37888K, used 5112K [0x00000000d6100000, 0x00000000dab00000, 0x0000000100000000)
  eden space 32768K, 0% used [0x00000000d6100000,0x00000000d6100000,0x00000000d8100000)
  from space 5120K, 99% used [0x00000000d8100000,0x00000000d85fe070,0x00000000d8600000)
  to   space 5120K, 0% used [0x00000000da600000,0x00000000da600000,0x00000000dab00000)
 ParOldGen       total 86016K, used 2082K [0x0000000082200000, 0x0000000087600000, 0x00000000d6100000)
  object space 86016K, 2% used [0x0000000082200000,0x0000000082408808,0x0000000087600000)
 Metaspace       used 18103K, capacity 19280K, committed 19584K, reserved 1067008K
  class space    used 2327K, capacity 2566K, committed 2688K, reserved 1048576K
}
Event: 4.335 GC heap before
{Heap before GC invocations=4 (full 0):
 PSYoungGen      total 37888K, used 25506K [0x00000000d6100000, 0x00000000dab00000, 0x0000000100000000)
  eden space 32768K, 62% used [0x00000000d6100000,0x00000000d74eab00,0x00000000d8100000)
  from space 5120K, 99% used [0x00000000d8100000,0x00000000d85fe070,0x00000000d8600000)
  to   space 5120K, 0% used [0x00000000da600000,0x00000000da600000,0x00000000dab00000)
 ParOldGen       total 86016K, used 2082K [0x0000000082200000, 0x0000000087600000, 0x00000000d6100000)
  object space 86016K, 2% used [0x0000000082200000,0x0000000082408808,0x0000000087600000)
 Metaspace       used 19843K, capacity 21214K, committed 21296K, reserved 1067008K
  class space    used 2597K, capacity 2883K, committed 2944K, reserved 1048576K
Event: 4.346 GC heap after
Heap after GC invocations=4 (full 0):
 PSYoungGen      total 70656K, used 5111K [0x00000000d6100000, 0x00000000dab00000, 0x0000000100000000)
  eden space 65536K, 0% used [0x00000000d6100000,0x00000000d6100000,0x00000000da100000)
  from space 5120K, 99% used [0x00000000da600000,0x00000000daafde78,0x00000000dab00000)
  to   space 5120K, 0% used [0x00000000da100000,0x00000000da100000,0x00000000da600000)
 ParOldGen       total 86016K, used 3514K [0x0000000082200000, 0x0000000087600000, 0x00000000d6100000)
  object space 86016K, 4% used [0x0000000082200000,0x000000008256e868,0x0000000087600000)
 Metaspace       used 19843K, capacity 21214K, committed 21296K, reserved 1067008K
  class space    used 2597K, capacity 2883K, committed 2944K, reserved 1048576K
}
Event: 4.346 GC heap before
{Heap before GC invocations=5 (full 1):
 PSYoungGen      total 70656K, used 5111K [0x00000000d6100000, 0x00000000dab00000, 0x0000000100000000)
  eden space 65536K, 0% used [0x00000000d6100000,0x00000000d6100000,0x00000000da100000)
  from space 5120K, 99% used [0x00000000da600000,0x00000000daafde78,0x00000000dab00000)
  to   space 5120K, 0% used [0x00000000da100000,0x00000000da100000,0x00000000da600000)
 ParOldGen       total 86016K, used 3514K [0x0000000082200000, 0x0000000087600000, 0x00000000d6100000)
  object space 86016K, 4% used [0x0000000082200000,0x000000008256e868,0x0000000087600000)
 Metaspace       used 19843K, capacity 21214K, committed 21296K, reserved 1067008K
  class space    used 2597K, capacity 2883K, committed 2944K, reserved 1048576K
Event: 4.392 GC heap after
Heap after GC invocations=5 (full 1):
 PSYoungGen      total 70656K, used 0K [0x00000000d6100000, 0x00000000dab00000, 0x0000000100000000)
  eden space 65536K, 0% used [0x00000000d6100000,0x00000000d6100000,0x00000000da100000)
  from space 5120K, 0% used [0x00000000da600000,0x00000000da600000,0x00000000dab00000)
  to   space 5120K, 0% used [0x00000000da100000,0x00000000da100000,0x00000000da600000)
 ParOldGen       total 56320K, used 6441K [0x0000000082200000, 0x0000000085900000, 0x00000000d6100000)
  object space 56320K, 11% used [0x0000000082200000,0x000000008284a750,0x0000000085900000)
 Metaspace       used 19843K, capacity 21214K, committed 21296K, reserved 1067008K
  class space    used 2597K, capacity 2883K, committed 2944K, reserved 1048576K
}
Event: 5.325 GC heap before
{Heap before GC invocations=6 (full 1):
 PSYoungGen      total 70656K, used 65502K [0x00000000d6100000, 0x00000000dab00000, 0x0000000100000000)
  eden space 65536K, 99% used [0x00000000d6100000,0x00000000da0f7a78,0x00000000da100000)
  from space 5120K, 0% used [0x00000000da600000,0x00000000da600000,0x00000000dab00000)
  to   space 5120K, 0% used [0x00000000da100000,0x00000000da100000,0x00000000da600000)
 ParOldGen       total 56320K, used 6441K [0x0000000082200000, 0x0000000085900000, 0x00000000d6100000)
  object space 56320K, 11% used [0x0000000082200000,0x000000008284a750,0x0000000085900000)
 Metaspace       used 25347K, capacity 26922K, committed 27008K, reserved 1073152K
  class space    used 3322K, capacity 3645K, committed 3712K, reserved 1048576K
Event: 5.336 GC heap after
Heap after GC invocations=6 (full 1):
 PSYoungGen      total 70656K, used 5115K [0x00000000d6100000, 0x00000000dd400000, 0x0000000100000000)
  eden space 65536K, 0% used [0x00000000d6100000,0x00000000d6100000,0x00000000da100000)
  from space 5120K, 99% used [0x00000000da100000,0x00000000da5fef48,0x00000000da600000)
  to   space 8192K, 0% used [0x00000000dcc00000,0x00000000dcc00000,0x00000000dd400000)
 ParOldGen       total 56320K, used 8304K [0x0000000082200000, 0x0000000085900000, 0x00000000d6100000)
  object space 56320K, 14% used [0x0000000082200000,0x0000000082a1c228,0x0000000085900000)
 Metaspace       used 25347K, capacity 26922K, committed 27008K, reserved 1073152K
  class space    used 3322K, capacity 3645K, committed 3712K, reserved 1048576K
}
Event: 6.565 GC heap before
{Heap before GC invocations=7 (full 1):
 PSYoungGen      total 70656K, used 70651K [0x00000000d6100000, 0x00000000dd400000, 0x0000000100000000)
  eden space 65536K, 100% used [0x00000000d6100000,0x00000000da100000,0x00000000da100000)
  from space 5120K, 99% used [0x00000000da100000,0x00000000da5fef48,0x00000000da600000)
  to   space 8192K, 0% used [0x00000000dcc00000,0x00000000dcc00000,0x00000000dd400000)
 ParOldGen       total 56320K, used 8304K [0x0000000082200000, 0x0000000085900000, 0x00000000d6100000)
  object space 56320K, 14% used [0x0000000082200000,0x0000000082a1c228,0x0000000085900000)
 Metaspace       used 27360K, capacity 29164K, committed 29312K, reserved 1075200K
  class space    used 3574K, capacity 3938K, committed 3968K, reserved 1048576K
Event: 6.598 GC heap after
Heap after GC invocations=7 (full 1):
 PSYoungGen      total 109568K, used 4805K [0x00000000d6100000, 0x00000000dd800000, 0x0000000100000000)
  eden space 101376K, 0% used [0x00000000d6100000,0x00000000d6100000,0x00000000dc400000)
  from space 8192K, 58% used [0x00000000dcc00000,0x00000000dd0b14c8,0x00000000dd400000)
  to   space 8192K, 0% used [0x00000000dc400000,0x00000000dc400000,0x00000000dcc00000)
 ParOldGen       total 56320K, used 8312K [0x0000000082200000, 0x0000000085900000, 0x00000000d6100000)
  object space 56320K, 14% used [0x0000000082200000,0x0000000082a1e228,0x0000000085900000)
 Metaspace       used 27360K, capacity 29164K, committed 29312K, reserved 1075200K
  class space    used 3574K, capacity 3938K, committed 3968K, reserved 1048576K
}

Deoptimization events (10 events):
Event: 4.295 Thread 0x000000000255e800 Uncommon trap: reason=unstable_if action=reinterpret pc=0x0000000002b4ba54 method=java.net.URL.<init>(Ljava/net/URL;Ljava/lang/String;Ljava/net/URLStreamHandler;)V @ 347
Event: 4.559 Thread 0x000000000255e800 Uncommon trap: reason=unstable_if action=reinterpret pc=0x0000000002907ca0 method=java.util.HashMap.hash(Ljava/lang/Object;)I @ 1
Event: 5.209 Thread 0x000000001a57a800 Uncommon trap: reason=unstable_if action=reinterpret pc=0x0000000002b122e8 method=jdk.internal.org.objectweb.asm.Type.getArgumentsAndReturnSizes(Ljava/lang/String;)I @ 47
Event: 5.293 Thread 0x000000000255e800 Uncommon trap: reason=unstable_if action=reinterpret pc=0x0000000002b427f8 method=java.util.concurrent.ConcurrentHashMap.addCount(JI)V @ 34
Event: 5.773 Thread 0x000000000255e800 Uncommon trap: reason=unstable_if action=reinterpret pc=0x0000000002c2c160 method=org.springframework.boot.context.properties.source.ConfigurationPropertyName$ElementsParser.add(IILorg/springframework/boot/context/properties/source/ConfigurationPropertyNa
Event: 7.125 Thread 0x000000000255e800 Uncommon trap: reason=unstable_if action=reinterpret pc=0x0000000002ef2370 method=org.springframework.beans.factory.support.AbstractBeanFactory.isFactoryBean(Ljava/lang/String;Lorg/springframework/beans/factory/support/RootBeanDefinition;)Z @ 38
Event: 7.271 Thread 0x000000000255e800 Uncommon trap: reason=unstable_if action=reinterpret pc=0x0000000002ef3abc method=org.springframework.beans.factory.support.AbstractBeanFactory.getMergedLocalBeanDefinition(Ljava/lang/String;)Lorg/springframework/beans/factory/support/RootBeanDefinition; 
Event: 7.271 Thread 0x000000000255e800 Uncommon trap: reason=unstable_if action=reinterpret pc=0x0000000002ef061c method=org.springframework.beans.factory.support.DefaultSingletonBeanRegistry.getSingleton(Ljava/lang/String;Z)Ljava/lang/Object; @ 20
Event: 7.299 Thread 0x000000000255e800 Uncommon trap: reason=unstable_if action=reinterpret pc=0x0000000002f23480 method=org.springframework.beans.factory.support.AbstractBeanFactory.isTypeMatch(Ljava/lang/String;Lorg/springframework/core/ResolvableType;Z)Z @ 466
Event: 7.654 Thread 0x000000000255e800 Uncommon trap: reason=unstable_if action=reinterpret pc=0x0000000002f585d8 method=org.springframework.core.ResolvableType$1.isAssignableFrom(Ljava/lang/Class;)Z @ 15

Classes redefined (0 events):
No events

Internal exceptions (10 events):
Event: 5.036 Thread 0x000000000255e800 Exception <a 'java/lang/ClassNotFoundException': org/springframework/beans/factory/BeanClassLoaderAwareCustomizer> (0x00000000d8135a40) thrown at [C:\re\workspace\8-2-build-windows-amd64-cygwin\jdk8u181\11358\hotspot\src\share\vm\classfile\systemDictionar
Event: 5.037 Thread 0x000000000255e800 Exception <a 'java/lang/ClassNotFoundException': org/springframework/beans/factory/AwareCustomizer> (0x00000000d814f658) thrown at [C:\re\workspace\8-2-build-windows-amd64-cygwin\jdk8u181\11358\hotspot\src\share\vm\classfile\systemDictionary.cpp, line 210
Event: 5.038 Thread 0x000000000255e800 Exception <a 'java/lang/ClassNotFoundException': org/springframework/context/EnvironmentAwareCustomizer> (0x00000000d8169a10) thrown at [C:\re\workspace\8-2-build-windows-amd64-cygwin\jdk8u181\11358\hotspot\src\share\vm\classfile\systemDictionary.cpp, lin
Event: 5.039 Thread 0x000000000255e800 Exception <a 'java/lang/ClassNotFoundException': org/springframework/beans/factory/AwareCustomizer> (0x00000000d8183508) thrown at [C:\re\workspace\8-2-build-windows-amd64-cygwin\jdk8u181\11358\hotspot\src\share\vm\classfile\systemDictionary.cpp, line 210
Event: 5.213 Thread 0x000000001a57a800 Exception <a 'java/lang/IncompatibleClassChangeError': Found class java.lang.Object, but interface was expected> (0x00000000d8d80150) thrown at [C:\re\workspace\8-2-build-windows-amd64-cygwin\jdk8u181\11358\hotspot\src\share\vm\interpreter\linkResolver.cp
Event: 5.470 Thread 0x000000000255e800 Exception <a 'java/lang/IncompatibleClassChangeError': Found class java.lang.Object, but interface was expected> (0x00000000d7d39a98) thrown at [C:\re\workspace\8-2-build-windows-amd64-cygwin\jdk8u181\11358\hotspot\src\share\vm\interpreter\linkResolver.cp
Event: 5.554 Thread 0x000000000255e800 Exception <a 'java/lang/NoSuchMethodError': java.lang.Object.lambda$getAllAnnotationAttributes$0(Lorg/springframework/util/MultiValueMap;)Lorg/springframework/util/MultiValueMap;> (0x00000000d7ffe928) thrown at [C:\re\workspace\8-2-build-windows-amd64-cyg
Event: 5.554 Thread 0x000000000255e800 Exception <a 'java/lang/NoSuchMethodError': java.lang.Object.lambda$identity$2(Ljava/lang/Object;)Ljava/lang/Object;> (0x00000000d80023a8) thrown at [C:\re\workspace\8-2-build-windows-amd64-cygwin\jdk8u181\11358\hotspot\src\share\vm\interpreter\linkResolv
Event: 5.890 Thread 0x000000000255e800 Exception <a 'java/io/FileNotFoundException'> (0x00000000d8c6e1b0) thrown at [C:\re\workspace\8-2-build-windows-amd64-cygwin\jdk8u181\11358\hotspot\src\share\vm\prims\jni.cpp, line 709]
Event: 7.194 Thread 0x000000000255e800 Exception <a 'java/lang/NoSuchMethodError': java.lang.Object.lambda$getRequiredAttribute$0(Ljava/lang/String;)Ljava/lang/IllegalArgumentException;> (0x00000000d7364b58) thrown at [C:\re\workspace\8-2-build-windows-amd64-cygwin\jdk8u181\11358\hotspot\src\s

Events (10 events):
Event: 7.759 loading class org/springframework/cglib/core/internal/LoadingCache$2
Event: 7.759 loading class org/springframework/cglib/core/internal/LoadingCache$2 done
Event: 7.760 loading class org/springframework/asm/ClassWriter
Event: 7.760 loading class org/springframework/asm/ClassWriter done
Event: 7.761 Executing VM operation: Deoptimize
Event: 7.762 Executing VM operation: Deoptimize done
Event: 7.762 loading class org/springframework/cglib/core/Constants
Event: 7.762 loading class org/springframework/cglib/core/Constants done
Event: 7.766 loading class org/springframework/cglib/core/AsmApi
Event: 7.766 loading class org/springframework/cglib/core/AsmApi done


Dynamic libraries:
0x00007ff6d56b0000 - 0x00007ff6d56e7000 	C:\Program Files\Java\jdk1.8.0_181\jre\bin\java.exe
0x00007ffde2930000 - 0x00007ffde2b26000 	C:\Windows\SYSTEM32\ntdll.dll
0x00007ffde0ae0000 - 0x00007ffde0b9d000 	C:\Windows\System32\KERNEL32.DLL
0x00007ffde0110000 - 0x00007ffde03d9000 	C:\Windows\System32\KERNELBASE.dll
0x00007ffde1600000 - 0x00007ffde16ac000 	C:\Windows\System32\ADVAPI32.dll
0x00007ffde1200000 - 0x00007ffde129e000 	C:\Windows\System32\msvcrt.dll
0x00007ffde1300000 - 0x00007ffde139c000 	C:\Windows\System32\sechost.dll
0x00007ffde10d0000 - 0x00007ffde11fb000 	C:\Windows\System32\RPCRT4.dll
0x00007ffde16d0000 - 0x00007ffde1870000 	C:\Windows\System32\USER32.dll
0x00007ffde0780000 - 0x00007ffde07a2000 	C:\Windows\System32\win32u.dll
0x00007ffde2380000 - 0x00007ffde23aa000 	C:\Windows\System32\GDI32.dll
0x00007ffde07b0000 - 0x00007ffde08bb000 	C:\Windows\System32\gdi32full.dll
0x00007ffde08c0000 - 0x00007ffde095d000 	C:\Windows\System32\msvcp_win.dll
0x00007ffde05d0000 - 0x00007ffde06d0000 	C:\Windows\System32\ucrtbase.dll
0x00007ffdc9fd0000 - 0x00007ffdca26b000 	C:\Windows\WinSxS\amd64_microsoft.windows.common-controls_6595b64144ccf1df_6.0.19041.746_none_ca02b4b61b8320a4\COMCTL32.dll
0x00007ffde23b0000 - 0x00007ffde23e0000 	C:\Windows\System32\IMM32.DLL
0x0000000068000000 - 0x0000000068066000 	C:\Windows\System32\QIPCAP64.dll
0x00007ffde1870000 - 0x00007ffde1fb2000 	C:\Windows\System32\SHELL32.dll
0x00007ffddf500000 - 0x00007ffddf5cb000 	C:\Windows\SYSTEM32\DNSAPI.dll
0x00007ffdd6430000 - 0x00007ffdd645f000 	C:\Windows\SYSTEM32\MAPI32.dll
0x00007ffde14d0000 - 0x00007ffde15fa000 	C:\Windows\System32\ole32.dll
0x00007ffde2020000 - 0x00007ffde2376000 	C:\Windows\System32\combase.dll
0x00007ffde0d20000 - 0x00007ffde0d3d000 	C:\Windows\System32\imagehlp.dll
0x00007ffdde140000 - 0x00007ffdde152000 	C:\Windows\SYSTEM32\kernel.appcore.dll
0x00007ffddf4c0000 - 0x00007ffddf4fb000 	C:\Windows\SYSTEM32\IPHLPAPI.DLL
0x00007ffde16c0000 - 0x00007ffde16c8000 	C:\Windows\System32\NSI.dll
0x00000000520c0000 - 0x0000000052192000 	C:\Program Files\Java\jdk1.8.0_181\jre\bin\msvcr100.dll
0x0000000076a80000 - 0x0000000077322000 	C:\Program Files\Java\jdk1.8.0_181\jre\bin\server\jvm.dll
0x00007ffde2850000 - 0x00007ffde2858000 	C:\Windows\System32\PSAPI.DLL
0x00007ffdc7350000 - 0x00007ffdc7359000 	C:\Windows\SYSTEM32\WSOCK32.dll
0x00007ffdd6620000 - 0x00007ffdd662a000 	C:\Windows\SYSTEM32\VERSION.dll
0x00007ffdcf380000 - 0x00007ffdcf3a7000 	C:\Windows\SYSTEM32\WINMM.dll
0x00007ffde0d40000 - 0x00007ffde0dab000 	C:\Windows\System32\WS2_32.dll
0x00000000520b0000 - 0x00000000520bf000 	C:\Program Files\Java\jdk1.8.0_181\jre\bin\verify.dll
0x0000000052080000 - 0x00000000520a9000 	C:\Program Files\Java\jdk1.8.0_181\jre\bin\java.dll
0x0000000050410000 - 0x0000000050426000 	C:\Program Files\Java\jdk1.8.0_181\jre\bin\zip.dll
0x00007ffdde160000 - 0x00007ffdde8f0000 	C:\Windows\SYSTEM32\windows.storage.dll
0x00007ffddfaa0000 - 0x00007ffddfacc000 	C:\Windows\SYSTEM32\Wldp.dll
0x00007ffde0960000 - 0x00007ffde0a0e000 	C:\Windows\System32\SHCORE.dll
0x00007ffde0ba0000 - 0x00007ffde0bf5000 	C:\Windows\System32\shlwapi.dll
0x00007ffddff70000 - 0x00007ffddff96000 	C:\Windows\SYSTEM32\profapi.dll
0x00000000504a0000 - 0x00000000504ad000 	C:\Program Files\Java\jdk1.8.0_181\jre\bin\management.dll
0x00000000503f0000 - 0x000000005040a000 	C:\Program Files\Java\jdk1.8.0_181\jre\bin\net.dll
0x00007ffddf820000 - 0x00007ffddf88a000 	C:\Windows\system32\mswsock.dll
0x00007ffdd4cc0000 - 0x00007ffdd4cca000 	C:\Windows\System32\rasadhlp.dll
0x00007ffdd7b60000 - 0x00007ffdd7bdf000 	C:\Windows\System32\fwpuclnt.dll
0x00007ffde0540000 - 0x00007ffde0567000 	C:\Windows\System32\bcrypt.dll
0x00000000503d0000 - 0x00000000503e1000 	C:\Program Files\Java\jdk1.8.0_181\jre\bin\nio.dll
0x00007ffddfa00000 - 0x00007ffddfa18000 	C:\Windows\SYSTEM32\CRYPTSP.dll
0x00007ffddf150000 - 0x00007ffddf184000 	C:\Windows\system32\rsaenh.dll
0x00007ffddff30000 - 0x00007ffddff5e000 	C:\Windows\SYSTEM32\USERENV.dll
0x00007ffde0040000 - 0x00007ffde00c0000 	C:\Windows\System32\bcryptprimitives.dll
0x00007ffddf9f0000 - 0x00007ffddf9fc000 	C:\Windows\SYSTEM32\CRYPTBASE.dll
0x00007ffdd7530000 - 0x00007ffdd7547000 	C:\Windows\SYSTEM32\dhcpcsvc6.DLL
0x00007ffdd7300000 - 0x00007ffdd731d000 	C:\Windows\SYSTEM32\dhcpcsvc.DLL
0x00007ffdbedd0000 - 0x00007ffdbede7000 	C:\Windows\system32\napinsp.dll
0x00007ffdbedb0000 - 0x00007ffdbedcb000 	C:\Windows\system32\pnrpnsp.dll
0x00007ffdbed90000 - 0x00007ffdbeda5000 	C:\Windows\system32\wshbth.dll
0x00007ffdd97e0000 - 0x00007ffdd97fd000 	C:\Windows\system32\NLAapi.dll
0x00007ffdbecd0000 - 0x00007ffdbece2000 	C:\Windows\System32\winrnr.dll

VM Arguments:
java_command: C:\Users\SHIVAD~1.ARI\AppData\Local\Temp\surefire3736344856843607041\surefirebooter4654197434367378560.jar C:\Users\shivadhar.arikontham\AppData\Local\Temp\surefire3736344856843607041 2021-08-27T21-21-42_630-jvmRun1 surefire2413466761435438497tmp surefire_06379055486626334719tmp
java_class_path (initial): C:\Users\SHIVAD~1.ARI\AppData\Local\Temp\surefire3736344856843607041\surefirebooter4654197434367378560.jar
Launcher Type: SUN_STANDARD

Environment Variables:
JAVA_HOME=C:\Program Files\Java\jdk1.8.0_181
PATH=C:/Program Files/Java/jre1.8.0_181/bin/server;C:/Program Files/Java/jre1.8.0_181/bin;C:/Program Files/Java/jre1.8.0_181/lib/amd64;C:\Program Files (x86)\Common Files\Oracle\Java\javapath;C:\Windows\system32;C:\Windows;C:\Windows\System32\Wbem;C:\Windows\System32\WindowsPowerShell\v1.0\;C:\Windows\System32\OpenSSH\;C:\Program Files\PuTTY\;C:\Program Files\Git\cmd;C:\Program Files\Java\jdk1.8.0_181\bin;C:\PostgreSQL\pg11\bin;C:\Program Files\nodejs\;C:\Users\shivadhar.arikontham\AppData\Local\Microsoft\WindowsApps;;C:\Users\shivadhar.arikontham\AppData\Local\JetBrains\IntelliJ IDEA Community Edition 2020.2.3\bin;;C:\Users\shivadhar.arikontham\AppData\Roaming\npm;D:\sts-4.2.1.RELEASE;
USERNAME=shivadhar.arikontham
OS=Windows_NT
PROCESSOR_IDENTIFIER=Intel64 Family 6 Model 142 Stepping 9, GenuineIntel



---------------  S Y S T E M  ---------------

OS: Windows 10.0 , 64 bit Build 19041 (10.0.19041.804)

CPU:total 4 (initial active 4) (2 cores per cpu, 2 threads per core) family 6 model 142 stepping 9, cmov, cx8, fxsr, mmx, sse, sse2, sse3, ssse3, sse4.1, sse4.2, popcnt, avx, avx2, aes, clmul, erms, rtm, 3dnowpref, lzcnt, ht, tsc, tscinvbit, bmi1, bmi2, adx

Memory: 4k page, physical 8246228k(76708k free), swap 24806360k(3860k free)

vm_info: Java HotSpot(TM) 64-Bit Server VM (25.181-b13) for windows-amd64 JRE (1.8.0_181-b13), built on Jul  7 2018 04:01:33 by "java_re" with MS VC++ 10.0 (VS2010)

time: Fri Aug 27 21:21:52 2021
elapsed time: 7 seconds (0d 0h 0m 7s)

